<?xml version="1.0" encoding="UTF-8"?>
<!-- Generated by org.testng.reporters.JUnitXMLReporter -->
<testsuite ignored="0" hostname="meenuz" failures="0" tests="4" name="Default test" time="6.37" errors="0" timestamp="2024-03-25T23:05:06 CDT">
  <testcase classname="com.practise.testNG.TestNGannotations" name="firsttest" time="0.005"/>
  <testcase classname="com.practise.testNG.TestNGannotations" name="test2" time="0.0"/>
  <testcase classname="com.practise.testNG.TestNGannotations" name="withoutusername" time="3.536"/>
  <testcase classname="com.practise.testNG.TestNGannotations" name="login" time="2.785"/>
</testsuite> <!-- Default test -->
