<?xml version="1.0" encoding="UTF-8"?>
<!-- Generated by org.testng.reporters.JUnitXMLReporter -->
<testsuite ignored="0" hostname="meenuz" failures="0" tests="4" name="Login" time="5.545" errors="0" timestamp="2024-03-25T23:21:45 CDT">
  <testcase classname="com.practise.testNG.TestNGannotations" name="firsttest" time="0.003"/>
  <testcase classname="com.practise.testNG.TestNGannotations" name="test2" time="0.001"/>
  <testcase classname="com.practise.testNG.testNGpractise" name="withoutusername" time="0.043"/>
  <testcase classname="com.practise.testNG.testNGpractise" name="login" time="0.101"/>
</testsuite> <!-- Login -->
